[10758:10758:0504/014909.670910:INFO:chrome_browser_cloud_management_controller.cc(196)] No machine level policy manager exists.
[10811:10811:0504/014910.203462:WARNING:sandbox_linux.cc(420)] InitializeSandbox() called with multiple threads in process gpu-process.
[10811:10811:0504/014910.204704:WARNING:viz_main_impl.cc(85)] VizNullHypothesis is disabled (not a warning)
[10758:10758:0504/014910.521064:INFO:CONSOLE(1)] "%s [33m%s [0.043] [SW] init", source: https://web.telegram.org/k/sw-OPgcUoz0.js (1)
[10758:10758:0504/014910.523019:INFO:CONSOLE(1)] "%s [33m%s [0.045] [SW] got 0 windows from the start", source: https://web.telegram.org/k/sw-OPgcUoz0.js (1)
[10758:10758:0504/014910.660986:INFO:CONSOLE(1)] "%s [33m%s [0.183] [SW] window connected 738821ca-a4d0-4b48-acf6-f2adead57d0b windows before 0", source: https://web.telegram.org/k/sw-OPgcUoz0.js (1)
[10758:10758:0504/014910.661159:INFO:CONSOLE(1)] "%s [33m%s [0.183] [SW] windows ", source: https://web.telegram.org/k/sw-OPgcUoz0.js (1)
[10758:10758:0504/014910.661269:INFO:CONSOLE(1)] "%s [33m%s [0.184] [SW] sending message port for mtproto", source: https://web.telegram.org/k/sw-OPgcUoz0.js (1)
[10758:10758:0504/014910.669464:INFO:CONSOLE(21)] "Supported image mime types [object Set]", source: https://web.telegram.org/k/index-D_EGaVbS.js (21)
[10758:10758:0504/014910.798241:INFO:CONSOLE(21)] "Elapsed time since unlocked: 18.171142578125 ms allStates loaded", source: https://web.telegram.org/k/index-D_EGaVbS.js (21)
[10758:10758:0504/014910.799525:INFO:CONSOLE(21)] "Elapsed time since unlocked: 20.22705078125 ms singleInstance started", source: https://web.telegram.org/k/index-D_EGaVbS.js (21)
[10758:10758:0504/014910.802768:INFO:CONSOLE(21)] "Elapsed time since unlocked: 23.631103515625 ms sent all states (1)", source: https://web.telegram.org/k/index-D_EGaVbS.js (21)
[10758:10758:0504/014910.828020:INFO:CONSOLE(21)] "Elapsed time since unlocked: 49.076171875 ms await I18n.getCacheLangPack()", source: https://web.telegram.org/k/index-D_EGaVbS.js (21)
[10758:10758:0504/014910.847402:INFO:CONSOLE(21)] "Elapsed time since unlocked: 68.5009765625 ms sent all states (2)", source: https://web.telegram.org/k/index-D_EGaVbS.js (21)
[10758:10758:0504/014910.873456:INFO:CONSOLE(21)] "got state, time: 226.19999999995343", source: https://web.telegram.org/k/index-D_EGaVbS.js (21)
[10758:10758:0504/014910.874037:INFO:CONSOLE(21)] "Elapsed time since unlocked: 94.7001953125 ms IMAGE_MIME_TYPES_SUPPORTED_PROMISE", source: https://web.telegram.org/k/index-D_EGaVbS.js (21)
[10758:10758:0504/014910.874112:INFO:CONSOLE(21)] "Will mount IM page: 1746305350.873", source: https://web.telegram.org/k/index-D_EGaVbS.js (21)
[10758:10758:0504/014911.228721:INFO:CONSOLE(0)] "Uncaught (in promise) #<Object>", source: https://web.telegram.org/k/#@leomatchbot (0)
[10758:10758:0504/014911.256554:INFO:CONSOLE(0)] "Uncaught (in promise) #<Object>", source: https://web.telegram.org/k/#@leomatchbot (0)
[10758:10758:0504/014911.256688:INFO:CONSOLE(0)] "Uncaught (in promise) #<Object>", source: https://web.telegram.org/k/#@leomatchbot (0)
[10758:10758:0504/014912.448914:INFO:CONSOLE(66)] "video load error [object HTMLVideoElement] [object MediaError]", source: https://web.telegram.org/k/appDialogsManager-B7M3PQZv.js (66)
[10758:10758:0504/014912.462770:INFO:CONSOLE(2)] "Uncaught (in promise) Error: leak", source: https://web.telegram.org/k/index-D_EGaVbS.js (2)
[10758:10758:0504/014912.518024:INFO:CONSOLE(0)] "Uncaught (in promise) undefined", source: https://web.telegram.org/k/#@leomatchbot (0)
[10758:10758:0504/014912.525101:INFO:CONSOLE(0)] "Uncaught (in promise) undefined", source: https://web.telegram.org/k/#@leomatchbot (0)
[10758:10758:0504/015108.100899:ERROR:atom_cache.cc(230)] Add WM_CHANGE_STATE to kAtomsToCache
[10811:10811:0504/015125.945929:ERROR:gl_surface_presentation_helper.cc(260)] GetVSyncParametersIfAvailable() failed for 1 times!
[10811:10811:0504/015125.955133:ERROR:gl_surface_presentation_helper.cc(260)] GetVSyncParametersIfAvailable() failed for 2 times!
[10811:10811:0504/015125.960661:ERROR:gl_surface_presentation_helper.cc(260)] GetVSyncParametersIfAvailable() failed for 3 times!
[10758:10758:0504/015126.380297:INFO:CONSOLE(95)] "intersection process no callbacks: [object IntersectionObserverEntry]", source: https://web.telegram.org/k/appDialogsManager-B7M3PQZv.js (95)
[10758:10758:0504/015126.381381:INFO:CONSOLE(95)] "intersection process no callbacks: [object IntersectionObserverEntry]", source: https://web.telegram.org/k/appDialogsManager-B7M3PQZv.js (95)
[10758:10758:0504/015126.381506:INFO:CONSOLE(95)] "intersection process no callbacks: [object IntersectionObserverEntry]", source: https://web.telegram.org/k/appDialogsManager-B7M3PQZv.js (95)
[11294:11294:0504/015210.243728:WARNING:sandbox_linux.cc(420)] InitializeSandbox() called with multiple threads in process utility.
[10758:10758:0504/015421.559590:INFO:CONSOLE(1)] "%s [33m%s [311.073] [SW] something has disconnected [object WindowClient]", source: https://web.telegram.org/k/sw-OPgcUoz0.js (1)
[10758:10758:0504/015421.561868:INFO:CONSOLE(1)] "%s [33m%s [311.073] [SW] window disconnected, left 0", source: https://web.telegram.org/k/sw-OPgcUoz0.js (1)
[10758:10758:0504/015421.561964:INFO:CONSOLE(1)] "%s [33m%s [311.073] [SW] no windows left", source: https://web.telegram.org/k/sw-OPgcUoz0.js (1)
[10758:10758:0504/015421.562017:INFO:CONSOLE(1)] "%s [33m%s [311.074] [SW] something has disconnected [object MessagePort]", source: https://web.telegram.org/k/sw-OPgcUoz0.js (1)
[10758:10758:0504/015421.562095:INFO:CONSOLE(1)] "%s [33m%s [311.074] [SW] it is not a window", source: https://web.telegram.org/k/sw-OPgcUoz0.js (1)
[10758:10758:0504/015421.562154:INFO:CONSOLE(1)] "%s [33m%s [311.075] [SW] cancelling all downloads", source: https://web.telegram.org/k/sw-OPgcUoz0.js (1)
